\BOOKMARK [0][-]{chapter*.1}{\376\377\000A\000b\000s\000t\000r\000a\000c\000t}{}% 1
\BOOKMARK [0][-]{chapter*.2}{\376\377\000A\000c\000k\000n\000o\000w\000l\000e\000d\000g\000e\000m\000e\000n\000t\000s}{}% 2
\BOOKMARK [0][-]{chapter*.3}{\376\377\000A\000b\000b\000r\000e\000v\000i\000a\000t\000i\000o\000n\000s}{}% 3
\BOOKMARK [0][-]{chapter.1}{\376\377\000I\000n\000t\000r\000o\000d\000u\000c\000t\000i\000o\000n}{}% 4
\BOOKMARK [1][-]{section.1.1}{\376\377\000P\000r\000o\000b\000l\000e\000m\000\040\000C\000o\000n\000t\000e\000x\000t\000\040\000a\000n\000d\000\040\000M\000o\000t\000i\000v\000a\000t\000i\000o\000n}{chapter.1}% 5
\BOOKMARK [1][-]{section.1.2}{\376\377\000P\000r\000o\000j\000e\000c\000t\000\040\000O\000v\000e\000r\000v\000i\000e\000w}{chapter.1}% 6
\BOOKMARK [1][-]{section.1.3}{\376\377\000O\000b\000j\000e\000c\000t\000i\000v\000e\000s\000\040\000a\000n\000d\000\040\000S\000i\000g\000n\000i\000f\000i\000c\000a\000n\000c\000e}{chapter.1}% 7
\BOOKMARK [1][-]{section.1.4}{\376\377\000C\000o\000n\000t\000r\000i\000b\000u\000t\000i\000o\000n\000s}{chapter.1}% 8
\BOOKMARK [1][-]{section.1.5}{\376\377\000R\000e\000p\000o\000r\000t\000\040\000S\000t\000r\000u\000c\000t\000u\000r\000e}{chapter.1}% 9
\BOOKMARK [0][-]{chapter.2}{\376\377\000B\000a\000c\000k\000g\000r\000o\000u\000n\000d\000\040\000a\000n\000d\000\040\000R\000e\000l\000a\000t\000e\000d\000\040\000W\000o\000r\000k}{}% 10
\BOOKMARK [1][-]{section.2.1}{\376\377\000T\000r\000i\000p\000\040\000P\000l\000a\000n\000n\000i\000n\000g\000\040\000a\000n\000d\000\040\000R\000o\000u\000t\000i\000n\000g\000\040\000T\000o\000o\000l\000s}{chapter.2}% 11
\BOOKMARK [1][-]{section.2.2}{\376\377\000G\000e\000n\000e\000r\000i\000c\000\040\000C\000o\000l\000l\000a\000b\000o\000r\000a\000t\000i\000o\000n\000\040\000T\000o\000o\000l\000s}{chapter.2}% 12
\BOOKMARK [1][-]{section.2.3}{\376\377\000V\000e\000r\000s\000i\000o\000n\000\040\000C\000o\000n\000t\000r\000o\000l\000\040\000C\000o\000n\000c\000e\000p\000t\000s\000\040\000a\000n\000d\000\040\000A\000p\000p\000l\000i\000c\000a\000b\000i\000l\000i\000t\000y}{chapter.2}% 13
\BOOKMARK [1][-]{section.2.4}{\376\377\000S\000c\000h\000e\000d\000u\000l\000i\000n\000g\000\040\000a\000n\000d\000\040\000R\000o\000u\000t\000e\000\040\000O\000p\000t\000i\000m\000i\000s\000a\000t\000i\000o\000n}{chapter.2}% 14
\BOOKMARK [1][-]{section.2.5}{\376\377\000A\000p\000p\000r\000o\000x\000i\000m\000a\000t\000e\000\040\000S\000t\000r\000i\000n\000g\000\040\000M\000a\000t\000c\000h\000i\000n\000g\000\040\000f\000o\000r\000\040\000P\000l\000a\000c\000e\000\040\000S\000e\000a\000r\000c\000h}{chapter.2}% 15
\BOOKMARK [1][-]{section.2.6}{\376\377\000S\000t\000r\000u\000c\000t\000u\000r\000e\000d\000\040\000D\000a\000t\000a\000\040\000M\000e\000r\000g\000e\000\040\000a\000n\000d\000\040\000J\000S\000O\000N\000\040\000P\000a\000t\000c\000h\000\040\000F\000o\000r\000m\000a\000t\000s}{chapter.2}% 16
\BOOKMARK [1][-]{section.2.7}{\376\377\000U\000s\000a\000b\000i\000l\000i\000t\000y\000\040\000a\000n\000d\000\040\000A\000c\000c\000e\000s\000s\000i\000b\000i\000l\000i\000t\000y\000\040\000F\000r\000a\000m\000e\000w\000o\000r\000k\000s}{chapter.2}% 17
\BOOKMARK [1][-]{section.2.8}{\376\377\000S\000u\000m\000m\000a\000r\000y\000:\000\040\000G\000a\000p\000\040\000i\000n\000\040\000E\000x\000i\000s\000t\000i\000n\000g\000\040\000A\000p\000p\000r\000o\000a\000c\000h\000e\000s}{chapter.2}% 18
\BOOKMARK [0][-]{chapter.3}{\376\377\000R\000e\000q\000u\000i\000r\000e\000m\000e\000n\000t\000s\000\040\000a\000n\000d\000\040\000P\000r\000o\000j\000e\000c\000t\000\040\000S\000p\000e\000c\000i\000f\000i\000c\000a\000t\000i\000o\000n}{}% 19
\BOOKMARK [1][-]{section.3.1}{\376\377\000R\000e\000q\000u\000i\000r\000e\000m\000e\000n\000t\000s\000\040\000E\000l\000i\000c\000i\000t\000a\000t\000i\000o\000n}{chapter.3}% 20
\BOOKMARK [1][-]{section.3.2}{\376\377\000M\000o\000S\000C\000o\000W\000\040\000O\000b\000j\000e\000c\000t\000i\000v\000e\000s}{chapter.3}% 21
\BOOKMARK [1][-]{section.3.3}{\376\377\000S\000u\000c\000c\000e\000s\000s\000\040\000C\000r\000i\000t\000e\000r\000i\000a}{chapter.3}% 22
\BOOKMARK [1][-]{section.3.4}{\376\377\000N\000o\000n\000-\000f\000u\000n\000c\000t\000i\000o\000n\000a\000l\000\040\000R\000e\000q\000u\000i\000r\000e\000m\000e\000n\000t\000s}{chapter.3}% 23
\BOOKMARK [1][-]{section.3.5}{\376\377\000S\000c\000o\000p\000e\000\040\000B\000o\000u\000n\000d\000a\000r\000y\000:\000\040\000W\000h\000y\000\040\000A\000I\000\040\000W\000a\000s\000\040\000E\000x\000c\000l\000u\000d\000e\000d\000\040\000f\000r\000o\000m\000\040\000t\000h\000e\000\040\000M\000V\000P}{chapter.3}% 24
\BOOKMARK [0][-]{chapter.4}{\376\377\000M\000e\000t\000h\000o\000d\000o\000l\000o\000g\000y}{}% 25
\BOOKMARK [1][-]{section.4.1}{\376\377\000D\000e\000v\000e\000l\000o\000p\000m\000e\000n\000t\000\040\000A\000p\000p\000r\000o\000a\000c\000h}{chapter.4}% 26
\BOOKMARK [1][-]{section.4.2}{\376\377\000C\000h\000o\000i\000c\000e\000\040\000o\000f\000\040\000T\000o\000o\000l\000s\000\040\000a\000n\000d\000\040\000T\000e\000c\000h\000n\000o\000l\000o\000g\000i\000e\000s}{chapter.4}% 27
\BOOKMARK [2][-]{subsection.4.2.1}{\376\377\000N\000o\000d\000e\000.\000j\000s\000\040\000a\000n\000d\000\040\000E\000x\000p\000r\000e\000s\000s}{section.4.2}% 28
\BOOKMARK [2][-]{subsection.4.2.2}{\376\377\000S\000Q\000L\000i\000t\000e\000\040\000f\000o\000r\000\040\000P\000e\000r\000s\000i\000s\000t\000e\000n\000t\000\040\000S\000t\000o\000r\000a\000g\000e}{section.4.2}% 29
\BOOKMARK [2][-]{subsection.4.2.3}{\376\377\000M\000a\000p\000p\000i\000n\000g\000\040\000a\000n\000d\000\040\000G\000e\000o\000c\000o\000d\000i\000n\000g}{section.4.2}% 30
\BOOKMARK [2][-]{subsection.4.2.4}{\376\377\000R\000o\000u\000t\000i\000n\000g\000\040\000P\000r\000o\000v\000i\000d\000e\000r\000s}{section.4.2}% 31
\BOOKMARK [2][-]{subsection.4.2.5}{\376\377\000U\000s\000a\000b\000i\000l\000i\000t\000y\000\040\000F\000r\000a\000m\000e\000w\000o\000r\000k\000s}{section.4.2}% 32
\BOOKMARK [1][-]{section.4.3}{\376\377\000T\000e\000s\000t\000i\000n\000g\000\040\000S\000t\000r\000a\000t\000e\000g\000y}{chapter.4}% 33
\BOOKMARK [1][-]{section.4.4}{\376\377\000E\000v\000a\000l\000u\000a\000t\000i\000o\000n\000\040\000D\000e\000s\000i\000g\000n}{chapter.4}% 34
\BOOKMARK [1][-]{section.4.5}{\376\377\000E\000t\000h\000i\000c\000s\000\040\000a\000n\000d\000\040\000D\000a\000t\000a\000\040\000H\000a\000n\000d\000l\000i\000n\000g}{chapter.4}% 35
\BOOKMARK [0][-]{chapter.5}{\376\377\000S\000y\000s\000t\000e\000m\000\040\000D\000e\000s\000i\000g\000n}{}% 36
\BOOKMARK [1][-]{section.5.1}{\376\377\000H\000i\000g\000h\000-\000l\000e\000v\000e\000l\000\040\000A\000r\000c\000h\000i\000t\000e\000c\000t\000u\000r\000e}{chapter.5}% 37
\BOOKMARK [1][-]{section.5.2}{\376\377\000D\000a\000t\000a\000\040\000M\000o\000d\000e\000l\000\040\000a\000n\000d\000\040\000R\000e\000p\000o\000s\000i\000t\000o\000r\000y\000\040\000S\000e\000m\000a\000n\000t\000i\000c\000s}{chapter.5}% 38
\BOOKMARK [2][-]{subsection.5.2.1}{\376\377\000S\000n\000a\000p\000s\000h\000o\000t\000\040\000S\000t\000o\000r\000a\000g\000e}{section.5.2}% 39
\BOOKMARK [2][-]{subsection.5.2.2}{\376\377\000P\000l\000a\000n\000\040\000S\000c\000h\000e\000m\000a}{section.5.2}% 40
\BOOKMARK [2][-]{subsection.5.2.3}{\376\377\000M\000o\000d\000u\000l\000e\000\040\000S\000t\000r\000u\000c\000t\000u\000r\000e}{section.5.2}% 41
\BOOKMARK [1][-]{section.5.3}{\376\377\000R\000o\000u\000t\000i\000n\000g\000\040\000a\000n\000d\000\040\000G\000e\000o\000c\000o\000d\000i\000n\000g\000\040\000D\000e\000s\000i\000g\000n}{chapter.5}% 42
\BOOKMARK [2][-]{subsection.5.3.1}{\376\377\000P\000l\000a\000c\000e\000\040\000S\000e\000a\000r\000c\000h}{section.5.3}% 43
\BOOKMARK [2][-]{subsection.5.3.2}{\376\377\000R\000o\000u\000t\000i\000n\000g\000\040\000P\000r\000o\000v\000i\000d\000e\000r\000s\000\040\000a\000n\000d\000\040\000F\000a\000l\000l\000b\000a\000c\000k}{section.5.3}% 44
\BOOKMARK [1][-]{section.5.4}{\376\377\000A\000u\000t\000o\000-\000s\000c\000h\000e\000d\000u\000l\000e\000r\000\040\000D\000e\000s\000i\000g\000n}{chapter.5}% 45
\BOOKMARK [2][-]{subsection.5.4.1}{\376\377\000O\000p\000e\000n\000i\000n\000g\000\040\000H\000o\000u\000r\000s\000\040\000N\000u\000d\000g\000i\000n\000g}{section.5.4}% 46
\BOOKMARK [2][-]{subsection.5.4.2}{\376\377\000C\000o\000m\000p\000a\000c\000t\000\040\000v\000s\000\040\000S\000p\000a\000r\000s\000e\000\040\000M\000o\000d\000e\000s}{section.5.4}% 47
\BOOKMARK [1][-]{section.5.5}{\376\377\000M\000e\000r\000g\000e\000\040\000D\000e\000s\000i\000g\000n}{chapter.5}% 48
\BOOKMARK [2][-]{subsection.5.5.1}{\376\377\000E\000q\000u\000a\000l\000i\000t\000y\000\040\000a\000n\000d\000\040\000S\000t\000a\000b\000i\000l\000i\000t\000y}{section.5.5}% 49
\BOOKMARK [2][-]{subsection.5.5.2}{\376\377\000C\000o\000n\000f\000l\000i\000c\000t\000\040\000T\000y\000p\000e\000s}{section.5.5}% 50
\BOOKMARK [1][-]{section.5.6}{\376\377\000U\000s\000e\000r\000\040\000I\000n\000t\000e\000r\000f\000a\000c\000e\000\040\000D\000e\000s\000i\000g\000n}{chapter.5}% 51
\BOOKMARK [2][-]{subsection.5.6.1}{\376\377\000E\000a\000s\000y\000\040\000M\000o\000d\000e\000\040\000v\000s\000\040\000G\000i\000t\000\040\000M\000o\000d\000e}{section.5.6}% 52
\BOOKMARK [1][-]{section.5.7}{\376\377\000S\000e\000c\000u\000r\000i\000t\000y\000,\000\040\000P\000r\000i\000v\000a\000c\000y\000,\000\040\000a\000n\000d\000\040\000A\000c\000c\000e\000s\000s\000i\000b\000i\000l\000i\000t\000y\000\040\000D\000e\000s\000i\000g\000n}{chapter.5}% 53
\BOOKMARK [0][-]{chapter.6}{\376\377\000I\000m\000p\000l\000e\000m\000e\000n\000t\000a\000t\000i\000o\000n}{}% 54
\BOOKMARK [1][-]{section.6.1}{\376\377\000B\000a\000c\000k\000e\000n\000d\000\040\000S\000t\000r\000u\000c\000t\000u\000r\000e}{chapter.6}% 55
\BOOKMARK [2][-]{subsection.6.1.1}{\376\377\000D\000a\000t\000a\000b\000a\000s\000e\000\040\000L\000a\000y\000e\000r}{section.6.1}% 56
\BOOKMARK [2][-]{subsection.6.1.2}{\376\377\000E\000r\000r\000o\000r\000\040\000H\000a\000n\000d\000l\000i\000n\000g}{section.6.1}% 57
\BOOKMARK [1][-]{section.6.2}{\376\377\000P\000l\000a\000n\000n\000e\000r\000\040\000I\000m\000p\000l\000e\000m\000e\000n\000t\000a\000t\000i\000o\000n}{chapter.6}% 58
\BOOKMARK [1][-]{section.6.3}{\376\377\000M\000e\000r\000g\000e\000\040\000I\000m\000p\000l\000e\000m\000e\000n\000t\000a\000t\000i\000o\000n}{chapter.6}% 59
\BOOKMARK [1][-]{section.6.4}{\376\377\000R\000o\000u\000t\000i\000n\000g\000\040\000I\000m\000p\000l\000e\000m\000e\000n\000t\000a\000t\000i\000o\000n}{chapter.6}% 60
\BOOKMARK [1][-]{section.6.5}{\376\377\000Q\000u\000i\000c\000k\000\040\000E\000x\000p\000l\000o\000r\000e\000\040\000M\000o\000d\000e}{chapter.6}% 61
\BOOKMARK [1][-]{section.6.6}{\376\377\000A\000l\000g\000o\000r\000i\000t\000h\000m\000\040\000V\000i\000s\000u\000a\000l\000i\000s\000a\000t\000i\000o\000n}{chapter.6}% 62
\BOOKMARK [1][-]{section.6.7}{\376\377\000F\000r\000o\000n\000t\000e\000n\000d\000\040\000I\000m\000p\000l\000e\000m\000e\000n\000t\000a\000t\000i\000o\000n}{chapter.6}% 63
\BOOKMARK [2][-]{subsection.6.7.1}{\376\377\000T\000i\000m\000e\000l\000i\000n\000e\000\040\000a\000n\000d\000\040\000M\000a\000p\000\040\000E\000d\000i\000t\000i\000n\000g}{section.6.7}% 64
\BOOKMARK [1][-]{section.6.8}{\376\377\000E\000x\000p\000o\000r\000t\000s\000\040\000a\000n\000d\000\040\000P\000W\000A\000\040\000F\000e\000a\000t\000u\000r\000e\000s}{chapter.6}% 65
\BOOKMARK [2][-]{subsection.6.8.1}{\376\377\000P\000D\000F\000\040\000E\000x\000p\000o\000r\000t}{section.6.8}% 66
\BOOKMARK [2][-]{subsection.6.8.2}{\376\377\000i\000C\000a\000l\000e\000n\000d\000a\000r\000\040\000E\000x\000p\000o\000r\000t}{section.6.8}% 67
\BOOKMARK [2][-]{subsection.6.8.3}{\376\377\000P\000W\000A\000\040\000a\000n\000d\000\040\000O\000f\000f\000l\000i\000n\000e}{section.6.8}% 68
\BOOKMARK [1][-]{section.6.9}{\376\377\000S\000u\000p\000p\000o\000r\000t\000i\000n\000g\000\040\000F\000e\000a\000t\000u\000r\000e\000s}{chapter.6}% 69
\BOOKMARK [2][-]{subsection.6.9.1}{\376\377\000W\000e\000a\000t\000h\000e\000r\000\040\000I\000n\000t\000e\000g\000r\000a\000t\000i\000o\000n}{section.6.9}% 70
\BOOKMARK [2][-]{subsection.6.9.2}{\376\377\000T\000r\000a\000v\000e\000l\000\040\000A\000l\000e\000r\000t\000s}{section.6.9}% 71
\BOOKMARK [2][-]{subsection.6.9.3}{\376\377\000P\000u\000b\000l\000i\000c\000\040\000G\000a\000l\000l\000e\000r\000y\000\040\000w\000i\000t\000h\000\040\000P\000a\000g\000i\000n\000a\000t\000i\000o\000n}{section.6.9}% 72
\BOOKMARK [1][-]{section.6.10}{\376\377\000D\000e\000p\000l\000o\000y\000m\000e\000n\000t\000\040\000a\000n\000d\000\040\000O\000p\000e\000r\000a\000t\000i\000o\000n\000s}{chapter.6}% 73
\BOOKMARK [0][-]{chapter.7}{\376\377\000T\000e\000s\000t\000i\000n\000g}{}% 74
\BOOKMARK [1][-]{section.7.1}{\376\377\000U\000n\000i\000t\000\040\000T\000e\000s\000t\000i\000n\000g}{chapter.7}% 75
\BOOKMARK [2][-]{subsection.7.1.1}{\376\377\000O\000p\000e\000n\000i\000n\000g\000\040\000H\000o\000u\000r\000s\000\040\000P\000a\000r\000s\000i\000n\000g\000\040\000a\000n\000d\000\040\000V\000a\000l\000i\000d\000a\000t\000i\000o\000n}{section.7.1}% 76
\BOOKMARK [2][-]{subsection.7.1.2}{\376\377\000M\000e\000r\000g\000e\000\040\000C\000o\000n\000f\000l\000i\000c\000t\000\040\000D\000e\000t\000e\000c\000t\000i\000o\000n}{section.7.1}% 77
\BOOKMARK [2][-]{subsection.7.1.3}{\376\377\000P\000l\000a\000n\000n\000e\000r\000\040\000T\000i\000m\000e\000\040\000U\000t\000i\000l\000i\000t\000i\000e\000s\000\040\000a\000n\000d\000\040\000S\000c\000h\000e\000d\000u\000l\000i\000n\000g\000\040\000L\000o\000g\000i\000c}{section.7.1}% 78
\BOOKMARK [2][-]{subsection.7.1.4}{\376\377\000R\000o\000u\000t\000i\000n\000g\000\040\000F\000a\000l\000l\000b\000a\000c\000k\000\040\000L\000o\000g\000i\000c}{section.7.1}% 79
\BOOKMARK [2][-]{subsection.7.1.5}{\376\377\000E\000x\000t\000e\000r\000n\000a\000l\000\040\000A\000P\000I\000\040\000C\000o\000n\000n\000e\000c\000t\000i\000v\000i\000t\000y}{section.7.1}% 80
\BOOKMARK [1][-]{section.7.2}{\376\377\000F\000u\000n\000c\000t\000i\000o\000n\000a\000l\000\040\000T\000e\000s\000t\000i\000n\000g}{chapter.7}% 81
\BOOKMARK [1][-]{section.7.3}{\376\377\000N\000o\000n\000-\000f\000u\000n\000c\000t\000i\000o\000n\000a\000l\000\040\000T\000e\000s\000t\000i\000n\000g\000\040\000a\000n\000d\000\040\000C\000h\000e\000c\000k\000s}{chapter.7}% 82
\BOOKMARK [2][-]{subsection.7.3.1}{\376\377\000S\000e\000c\000u\000r\000i\000t\000y\000\040\000C\000h\000e\000c\000k\000s}{section.7.3}% 83
\BOOKMARK [2][-]{subsection.7.3.2}{\376\377\000A\000c\000c\000e\000s\000s\000i\000b\000i\000l\000i\000t\000y\000\040\000C\000h\000e\000c\000k\000s}{section.7.3}% 84
\BOOKMARK [2][-]{subsection.7.3.3}{\376\377\000R\000e\000s\000i\000l\000i\000e\000n\000c\000e\000\040\000t\000o\000\040\000E\000x\000t\000e\000r\000n\000a\000l\000\040\000A\000P\000I\000\040\000F\000a\000i\000l\000u\000r\000e\000s}{section.7.3}% 85
\BOOKMARK [1][-]{section.7.4}{\376\377\000T\000e\000s\000t\000i\000n\000g\000\040\000S\000u\000m\000m\000a\000r\000y}{chapter.7}% 86
\BOOKMARK [0][-]{chapter.8}{\376\377\000E\000v\000a\000l\000u\000a\000t\000i\000o\000n}{}% 87
\BOOKMARK [1][-]{section.8.1}{\376\377\000E\000v\000a\000l\000u\000a\000t\000i\000o\000n\000\040\000D\000a\000y\000\040\000S\000e\000t\000u\000p}{chapter.8}% 88
\BOOKMARK [1][-]{section.8.2}{\376\377\000P\000a\000r\000t\000i\000c\000i\000p\000a\000n\000t\000s}{chapter.8}% 89
\BOOKMARK [1][-]{section.8.3}{\376\377\000U\000s\000e\000r\000\040\000A\000c\000c\000e\000p\000t\000a\000n\000c\000e\000\040\000T\000e\000s\000t\000i\000n\000g\000\040\000T\000a\000s\000k\000s}{chapter.8}% 90
\BOOKMARK [2][-]{subsection.8.3.1}{\376\377\000T\000a\000s\000k\000\040\000T\0001\000:\000\040\000A\000u\000t\000o\000-\000s\000c\000h\000e\000d\000u\000l\000e\000\040\000F\000e\000a\000s\000i\000b\000i\000l\000i\000t\000y}{section.8.3}% 91
\BOOKMARK [2][-]{subsection.8.3.2}{\376\377\000T\000a\000s\000k\000\040\000T\0002\000:\000\040\000M\000e\000r\000g\000e\000\040\000C\000o\000n\000f\000l\000i\000c\000t\000\040\000R\000e\000s\000o\000l\000u\000t\000i\000o\000n}{section.8.3}% 92
\BOOKMARK [2][-]{subsection.8.3.3}{\376\377\000T\000a\000s\000k\000\040\000T\0003\000:\000\040\000Q\000u\000i\000c\000k\000\040\000E\000d\000i\000t\000\040\000+\000\040\000S\000a\000v\000e\000\040\000W\000i\000t\000h\000o\000u\000t\000\040\000G\000i\000t\000\040\000E\000x\000p\000l\000a\000n\000a\000t\000i\000o\000n}{section.8.3}% 93
\BOOKMARK [1][-]{section.8.4}{\376\377\000S\000u\000r\000v\000e\000y\000\040\000R\000e\000s\000u\000l\000t\000s}{chapter.8}% 94
\BOOKMARK [2][-]{subsection.8.4.1}{\376\377\000Q\000u\000a\000l\000i\000t\000a\000t\000i\000v\000e\000\040\000F\000e\000e\000d\000b\000a\000c\000k}{section.8.4}% 95
\BOOKMARK [1][-]{section.8.5}{\376\377\000D\000i\000s\000c\000u\000s\000s\000i\000o\000n\000\040\000A\000g\000a\000i\000n\000s\000t\000\040\000S\000u\000c\000c\000e\000s\000s\000\040\000C\000r\000i\000t\000e\000r\000i\000a}{chapter.8}% 96
\BOOKMARK [1][-]{section.8.6}{\376\377\000T\000h\000r\000e\000a\000t\000s\000\040\000t\000o\000\040\000V\000a\000l\000i\000d\000i\000t\000y}{chapter.8}% 97
\BOOKMARK [0][-]{chapter.9}{\376\377\000C\000o\000n\000c\000l\000u\000s\000i\000o\000n\000s\000\040\000a\000n\000d\000\040\000F\000u\000t\000u\000r\000e\000\040\000W\000o\000r\000k}{}% 98
\BOOKMARK [1][-]{section.9.1}{\376\377\000C\000o\000n\000c\000l\000u\000s\000i\000o\000n\000s}{chapter.9}% 99
\BOOKMARK [1][-]{section.9.2}{\376\377\000C\000r\000i\000t\000i\000c\000a\000l\000\040\000R\000e\000f\000l\000e\000c\000t\000i\000o\000n\000\040\000a\000n\000d\000\040\000L\000e\000s\000s\000o\000n\000s\000\040\000L\000e\000a\000r\000n\000e\000d}{chapter.9}% 100
\BOOKMARK [1][-]{section.9.3}{\376\377\000L\000i\000m\000i\000t\000a\000t\000i\000o\000n\000s}{chapter.9}% 101
\BOOKMARK [1][-]{section.9.4}{\376\377\000F\000u\000t\000u\000r\000e\000\040\000W\000o\000r\000k}{chapter.9}% 102
\BOOKMARK [0][-]{chapter*.18}{\376\377\000A\000u\000t\000h\000o\000r\000'\000s\000\040\000A\000s\000s\000e\000s\000s\000m\000e\000n\000t\000\040\000o\000f\000\040\000t\000h\000e\000\040\000P\000r\000o\000j\000e\000c\000t}{}% 103
\BOOKMARK [0][-]{appendix.A}{\376\377\000E\000v\000a\000l\000u\000a\000t\000i\000o\000n\000\040\000D\000a\000y\000\040\000S\000u\000r\000v\000e\000y\000\040\000I\000n\000s\000t\000r\000u\000m\000e\000n\000t\000\040\000a\000n\000d\000\040\000R\000e\000s\000u\000l\000t\000s}{}% 104
\BOOKMARK [1][-]{section.A.1}{\376\377\000S\000u\000r\000v\000e\000y\000\040\000Q\000u\000e\000s\000t\000i\000o\000n\000s\000\040\000\050\000S\000u\000m\000m\000a\000r\000y\000\051}{appendix.A}% 105
\BOOKMARK [1][-]{section.A.2}{\376\377\000F\000u\000l\000l\000\040\000S\000u\000r\000v\000e\000y\000\040\000E\000x\000p\000o\000r\000t\000\040\000P\000D\000F}{appendix.A}% 106
\BOOKMARK [0][-]{appendix.B}{\376\377\000U\000s\000e\000r\000\040\000A\000c\000c\000e\000p\000t\000a\000n\000c\000e\000\040\000T\000e\000s\000t\000\040\000R\000e\000s\000u\000l\000t\000s\000\040\000\050\000F\000u\000l\000l\000\040\000T\000a\000b\000l\000e\000s\000\051}{}% 107
\BOOKMARK [0][-]{appendix.C}{\376\377\000A\000d\000d\000i\000t\000i\000o\000n\000a\000l\000\040\000D\000i\000a\000g\000r\000a\000m\000s\000\040\000a\000n\000d\000\040\000S\000c\000r\000e\000e\000n\000s\000h\000o\000t\000s}{}% 108
\BOOKMARK [0][-]{appendix.D}{\376\377\000P\000r\000o\000j\000e\000c\000t\000\040\000S\000c\000h\000e\000d\000u\000l\000e}{}% 109
